Library/build/outputs/mapping/release/seeds.txt
com.q.util.DeviceUtils
com.q.util.CacheDiskUtils$DiskCacheManager$1
com.q.util.CacheMemoryStaticUtils
com.q.util.BarUtils
com.q.util.CrashUtils
com.q.util.NetworkUtils$7
com.q.util.UtilsActivityLifecycleImpl$4
com.q.util.PermissionUtils$SimpleCallback
com.q.util.CacheDiskUtils$DiskCacheHelper
com.q.util.TimeUtils
com.q.util.AppUtils
com.q.util.MetaDataUtils
com.q.util.SPUtils
com.q.util.SPStaticUtils
com.q.util.PermissionUtils$1
com.q.util.PermissionUtils$OnExplainListener$ShouldRequest
com.q.util.ZipUtils
com.q.util.SpanUtils$Align
com.q.util.Utils$Supplier
com.q.util.PermissionUtils$ThemeCallback
com.q.util.PermissionUtils$PermissionActivityImpl$3
com.q.util.PermissionUtils$PermissionActivityImpl$2
com.q.util.ClickUtils$OnMultiClickListener
com.q.util.CleanUtils
com.q.util.LogUtils$OnFileOutputListener
com.q.util.EncryptUtils
com.q.util.NetworkUtils$5
com.q.util.ToastUtils$UtilsMaxWidthRelativeLayout
com.q.util.ScreenUtils
com.q.util.UtilsBridge
com.q.util.SpanUtils$CustomBulletSpan
com.q.util.ProcessUtils
com.q.util.TouchUtils
com.q.util.R$style
com.q.util.UtilsTransActivity4MainProcess
com.q.util.ToastUtils$MODE
com.q.util.NetworkUtils$4
com.q.util.SpanUtils$CustomDynamicDrawableSpan
com.q.util.CacheDiskUtils
com.q.util.PermissionUtils$OnRationaleListener$ShouldRequest
com.q.util.NotificationUtils$ChannelConfig
com.q.util.PhoneUtils
com.q.util.CloneUtils
com.q.util.NetworkUtils$NetworkChangedReceiver$2
com.q.util.BusUtils
com.q.util.ThreadUtils$SimpleTask
com.q.util.BrightnessUtils
com.q.util.UtilsTransActivity
com.q.util.Utils$OnAppStatusChangedListener
com.q.util.BusUtils$1
com.q.util.ToastUtils$WindowManagerToast
com.q.util.NumberUtils$1
com.q.util.NumberUtils
com.q.util.LogUtils$1
com.q.util.ThreadUtils$Task
com.q.util.FileIOUtils
com.q.util.LogUtils
com.q.util.PermissionUtils$OnRationaleListener
com.q.util.LogUtils$3
com.q.util.ToastUtils$SystemToast
com.q.util.ThreadUtils$SyncValue
com.q.util.MessengerUtils$Client$1
com.q.util.UiMessageUtils$1
com.q.util.InstallManagerUtil
com.q.util.FragmentUtils$FragmentNode
com.q.util.CacheMemoryUtils
com.q.util.FlashlightUtils
com.q.util.MessengerUtils$ServerService$1
com.q.util.EncodeUtils
com.q.util.FileUtils
com.q.util.NetworkUtils
com.q.util.Utils$Task
com.q.util.ShadowUtils
com.q.util.ThreadUtils$Task$4
com.q.util.SnackbarUtils
com.q.util.ShadowUtils$ShadowDrawable
com.q.util.UriUtils
com.q.util.R$anim
com.q.util.CrashUtils$CrashInfo
com.q.util.PermissionUtils
com.q.util.LanguageUtils$1
com.q.util.ColorUtils
com.q.util.CacheDoubleUtils
com.q.util.RomUtils
com.q.util.KeyboardUtils$OnSoftInputChangedListener
com.q.util.UtilsBridge$FileHead
com.q.util.LanguageUtils$2
com.q.util.ShellUtils$1
com.q.util.ReflectUtils$NULL
com.q.util.CrashUtils$OnCrashListener
com.q.util.ReflectUtils$ReflectException
com.q.util.FileIOUtils$OnProgressUpdateListener
com.q.util.Utils
com.q.util.FragmentUtils$OnBackClickListener
com.q.util.NetworkUtils$NetworkChangedReceiver$1
com.q.util.KeyboardUtils$3
com.q.util.SpanUtils$CustomLineHeightSpan
com.q.util.FileUtils$2
com.q.util.ToastUtils$2
com.q.util.ThrowableUtils
com.q.util.ApiUtils
com.q.util.ArrayUtils
com.q.util.UiMessageUtils$UiMessageCallback
com.q.util.IntentUtils
com.q.util.LogUtils$TYPE
com.q.util.ApiUtils$LazyHolder
com.q.util.ThreadUtils$UtilsThreadFactory$1
com.q.util.CacheDiskUtils$DiskCacheManager$2
com.q.util.LogUtils$IFileWriter
com.q.util.ShadowUtils$Config
com.q.util.NetworkUtils$1
com.q.util.FragmentUtils$Args
com.q.util.NetworkUtils$OnNetworkStatusChangedListener
com.q.util.NetworkUtils$NetworkType
com.q.util.SpanUtils$CustomQuoteSpan
com.q.util.GsonUtils
com.q.util.NetworkUtils$2
com.q.util.TouchUtils$Direction
com.q.util.ToastUtils$IToast
com.q.util.ImageUtils
com.q.util.R$id
com.q.util.ToastUtils$ActivityToast$2
com.q.util.FileUtils$1
com.q.util.R$string
com.q.util.ClickUtils$2
com.q.util.BusUtils$Bus
com.q.util.InstallAppUtil
com.q.util.NotificationUtils$Importance
com.q.util.UiMessageUtils$UiMessage
...
com.q.constant.TimeConstants
com.q.constant.MemoryConstants$Unit
com.q.constant.RegexConstants
com.q.constant.TimeConstants$Unit
com.q.constant.CustomBroadcastReceiver
com.q.constant.PermissionConstants$PermissionGroup
com.q.constant.PermissionConstants: java.lang.String[] GROUP_MICROPHONE
com.q.constant.RegexConstants: java.lang.String REGEX_MOBILE_EXACT
com.q.constant.RegexConstants: java.lang.String REGEX_INTEGER
com.q.constant.RegexConstants: java.lang.String REGEX_FLOAT
com.q.constant.PermissionConstants: java.lang.String[] GROUP_SENSORS
com.q.constant.PermissionConstants: java.lang.String[] GROUP_PHONE_BELOW_O
com.q.constant.RegexConstants: java.lang.String REGEX_USERNAME
com.q.constant.RegexConstants: java.lang.String REGEX_ID_CARD18
com.q.constant.PermissionConstants: java.lang.String[] GROUP_PHONE
com.q.constant.PermissionConstants: java.lang.String[] GROUP_CALENDAR
com.q.constant.CacheConstants: int HOUR
com.q.constant.RegexConstants: java.lang.String REGEX_URL
com.q.constant.PermissionConstants: java.lang.String STORAGE
com.q.constant.TimeConstants: int MIN
com.q.constant.RegexConstants: java.lang.String REGEX_NOT_NEGATIVE_INTEGER
com.q.constant.PermissionConstants: java.lang.String[] GROUP_STORAGE
com.q.constant.RegexConstants: java.lang.String REGEX_NEGATIVE_FLOAT
com.q.constant.PermissionConstants: java.lang.String[] GROUP_SMS
com.q.constant.RegexConstants: java.lang.String REGEX_NOT_POSITIVE_INTEGER
com.q.constant.PermissionConstants: java.lang.String PHONE
com.q.constant.MemoryConstants: int KB
com.q.constant.RegexConstants: java.lang.String REGEX_NOT_POSITIVE_FLOAT
com.q.constant.PermissionConstants: java.lang.String[] GROUP_LOCATION
com.q.constant.TimeConstants: int DAY
com.q.constant.MemoryConstants: int MB
com.q.constant.RegexConstants: java.lang.String REGEX_NOT_NEGATIVE_FLOAT
com.q.constant.RegexConstants: java.lang.String REGEX_TEL
com.q.constant.RegexConstants: java.lang.String REGEX_ZH
com.q.constant.PermissionConstants: java.lang.String CALENDAR
com.q.constant.RegexConstants: java.lang.String REGEX_DOUBLE_BYTE_CHAR
com.q.constant.PermissionConstants: java.lang.String CONTACTS
com.q.constant.RegexConstants: java.lang.String REGEX_DATE
com.q.constant.CacheConstants: int DAY
com.q.constant.RegexConstants: java.lang.String REGEX_CHINA_POSTAL_CODE
com.q.constant.TimeConstants: int SEC
com.q.constant.TimeConstants: int MSEC
com.q.constant.CacheConstants: int MIN
com.q.constant.RegexConstants: java.lang.String REGEX_IP
com.q.constant.PermissionConstants: java.lang.String SENSORS
com.q.constant.RegexConstants: java.lang.String REGEX_BLANK_LINE
com.q.constant.CacheConstants: int SEC
com.q.constant.PermissionConstants: java.lang.String[] GROUP_ACTIVITY_RECOGNITION
com.q.constant.PermissionConstants: java.lang.String[] GROUP_CONTACTS
com.q.constant.PermissionConstants: java.lang.String ACTIVITY_RECOGNITION
com.q.constant.RegexConstants: java.lang.String REGEX_EMAIL
com.q.constant.PermissionConstants: java.lang.String CAMERA
com.q.constant.MemoryConstants: int BYTE
com.q.constant.RegexConstants: java.lang.String REGEX_POSITIVE_INTEGER
com.q.constant.PermissionConstants: java.lang.String SMS
com.q.constant.TimeConstants: int HOUR
com.q.constant.RegexConstants: java.lang.String REGEX_ID_CARD15
com.q.constant.PermissionConstants: java.lang.String MICROPHONE
com.q.constant.PermissionConstants: java.lang.String[] GROUP_CAMERA
com.q.constant.RegexConstants: java.lang.String REGEX_QQ_NUM
com.q.constant.RegexConstants: java.lang.String REGEX_NEGATIVE_INTEGER
com.q.constant.MemoryConstants: int GB
com.q.constant.RegexConstants: java.lang.String REGEX_MOBILE_SIMPLE
com.q.constant.RegexConstants: java.lang.String REGEX_POSITIVE_FLOAT
com.q.constant.PermissionConstants: java.lang.String LOCATION
com.q.constant.PermissionConstants: java.lang.String[] getPermissions(java.lang.String)
com.q.constant.RegexConstants: RegexConstants()
com.q.constant.CustomBroadcastReceiver: CustomBroadcastReceiver()