Library/build/outputs/mapping/release/mapping.txt
# compiler: R8
# compiler_version: 2.2.66
# pg_map_id: ba1be68
# common_typos_disable
com.q.util.ActivityUtils -> com.q.util.ActivityUtils:
    1:2:void <init>():39:40 -> <init>
    1:1:void addActivityLifecycleCallbacks(com.q.util.Utils$ActivityLifecycleCallbacks):49:49 -> addActivityLifecycleCallbacks
    2:2:void addActivityLifecycleCallbacks(android.app.Activity,com.q.util.Utils$ActivityLifecycleCallbacks):60:60 -> addActivityLifecycleCallbacks
    1:1:void finishActivity(android.app.Activity):1583:1583 -> finishActivity
    2:4:void finishActivity(android.app.Activity,boolean):1593:1595 -> finishActivity
    5:6:void finishActivity(android.app.Activity,int,int):1611:1612 -> finishActivity
    7:7:void finishActivity(java.lang.Class):1621:1621 -> finishActivity
    8:13:void finishActivity(java.lang.Class,boolean):1632:1637 -> finishActivity
    14:18:void finishActivity(java.lang.Class,int,int):1655:1659 -> finishActivity
    1:1:void finishAllActivities():1836:1836 -> finishAllActivities
    2:7:void finishAllActivities(boolean):1845:1850 -> finishAllActivities
    8:12:void finishAllActivities(int,int):1865:1869 -> finishAllActivities
    1:1:void finishAllActivitiesExceptNewest():1877:1877 -> finishAllActivitiesExceptNewest
    2:4:void finishAllActivitiesExceptNewest(boolean):1886:1888 -> finishAllActivitiesExceptNewest
    5:7:void finishAllActivitiesExceptNewest(int,int):1902:1904 -> finishAllActivitiesExceptNewest
    1:1:void finishOtherActivities(java.lang.Class):1792:1792 -> finishOtherActivities
com.q.util.AdaptScreenUtils -> com.q.util.AdaptScreenUtils:
    1:2:void <init>():17:18 -> <init>
    1:1:void access$000():13:13 -> access$000
    1:1:android.content.res.Resources adaptHeight(android.content.res.Resources,int):36:36 -> adaptHeight
    2:5:android.content.res.Resources adaptHeight(android.content.res.Resources,int,boolean):44:47 -> adaptHeight
    1:2:android.content.res.Resources adaptWidth(android.content.res.Resources,int):26:27 -> adaptWidth
    1:3:void applyDisplayMetrics(android.content.res.Resources,float):94:96 -> applyDisplayMetrics
    1:6:void applyMetricsFields(android.content.res.Resources,float):141:146 -> applyMetricsFields
    1:24:void applyOtherDisplayMetrics(android.content.res.Resources,float):113:136 -> applyOtherDisplayMetrics
    1:2:android.content.res.Resources closeAdapt(android.content.res.Resources):66:67 -> closeAdapt
    1:1:android.util.DisplayMetrics getMetricsFromField(android.content.res.Resources,java.lang.reflect.Field):153:153 -> getMetricsFromField
    1:3:int getNavBarHeight(android.content.res.Resources):52:54 -> getNavBarHeight
    1:1:java.lang.Runnable getPreLoadRunnable():100:100 -> getPreLoadRunnable
    1:1:void preLoad():109:109 -> preLoad
    1:2:int pt2Px(float):78:79 -> pt2Px
    1:2:int px2Pt(float):89:90 -> px2Pt
com.q.util.AdaptScreenUtils$1 -> com.q.util.AdaptScreenUtils$1:
    1:1:void <init>():100:100 -> <init>
    1:1:void run():103:103 -> run
com.q.util.ApiUtils -> com.q.util.ApiUtils:
    1:1:void <init>(com.q.util.ApiUtils$1):17:17 -> <init>
    2:2:void <init>():24:24 -> <init>
    3:7:void <init>():21:25 -> <init>
    1:1:com.q.util.ApiUtils$BaseApi getApi(java.lang.Class):47:47 -> getApi
    1:24:java.lang.Object getApiInner(java.lang.Class):70:93 -> getApiInner
    1:1:com.q.util.ApiUtils getInstance():66:66 -> getInstance
    1:1:void register(java.lang.Class):52:52 -> register
    1:1:void registerImpl(java.lang.Class):35:35 -> registerImpl
    1:1:java.lang.String toString():62:62 -> toString
    1:1:java.lang.String toString_():57:57 -> toString_
com.q.util.ApiUtils$BaseApi -> com.q.util.ApiUtils$BaseApi:
    1:1:void <init>():106:106 -> <init>
com.q.util.ApiUtils$LazyHolder -> com.q.util.ApiUtils$LazyHolder:
    1:1:void <clinit>():97:97 -> <clinit>
    1:1:void <init>():96:96 -> <init>
    1:1:com.q.util.ApiUtils access$000():96:96 -> access$000
...
com.q.constant.CustomBroadcastReceiver -> com.q.constant.CustomBroadcastReceiver:
    1:1:void <init>():7:7 -> <init>
com.q.constant.MemoryConstants -> com.q.constant.MemoryConstants:
    1:1:void <init>():9:9 -> <init>
com.q.constant.PermissionConstants -> com.q.constant.PermissionConstants:
    1:36:void <clinit>():26:61 -> <clinit>
    1:1:void <init>():13:13 -> <init>
    1:28:java.lang.String[] getPermissions(java.lang.String):71:98 -> getPermissions
    29:35:java.lang.String[] getPermissions(java.lang.String):76:82 -> getPermissions
    36:58:java.lang.String[] getPermissions(java.lang.String):74:96 -> getPermissions
    59:69:java.lang.String[] getPermissions(java.lang.String):84:94 -> getPermissions
    70:70:java.lang.String[] getPermissions(java.lang.String):90:90 -> getPermissions
    71:71:java.lang.String[] getPermissions(java.lang.String):80:80 -> getPermissions
com.q.constant.RegexConstants -> com.q.constant.RegexConstants:
    1:1:void <init>():3:3 -> <init>
com.q.constant.TimeConstants -> com.q.constant.TimeConstants:
    1:1:void <init>():8:8 -> <init>