Library/build/outputs/mapping/release/usage.txt
com.q.util.FileIOUtils:
    public static void <clinit>()
com.q.util.InstallManagerUtil:
    public static void <clinit>()
com.q.util.KeyboardUtils:
    public static void <clinit>()
com.q.util.ToastUtils$ActivityToast:
    public static void <clinit>()